{
  "generated_at": "2026-06-27T06:01:01.111641+00:00",
  "event": {
    "event_id": "opec_20260627060101",
    "event_type": "opec",
    "title": "Verification OPEC event"
  },
  "macro_regime_snapshots": [
    {
      "asset": "oil",
      "symbol": "WTI",
      "macro_regime": "mixed",
      "macro_regime_probabilities": {
        "risk_on": 0.1235,
        "risk_off": 0.0878,
        "inflation_shock": 0.0926,
        "growth_shock": 0.052,
        "liquidity_crisis": 0.1301,
        "central_bank_pivot": 0.1531,
        "war_shock": 0.1443,
        "dollar_squeeze": 0.1078,
        "neutral": 0.1088
      },
      "macro_regime_explanation": [
        "central_bank_pivot=0.15",
        "war_shock=0.14",
        "liquidity_crisis=0.13",
        "risk_on=0.12"
      ]
    },
    {
      "asset": "index",
      "symbol": "ES_PROXY",
      "macro_regime": "war_shock",
      "macro_regime_probabilities": {
        "risk_on": 0.0595,
        "risk_off": 0.1194,
        "inflation_shock": 0.1155,
        "growth_shock": 0.0953,
        "liquidity_crisis": 0.12,
        "central_bank_pivot": 0.1251,
        "war_shock": 0.1507,
        "dollar_squeeze": 0.1142,
        "neutral": 0.1003
      },
      "macro_regime_explanation": [
        "war_shock=0.15",
        "central_bank_pivot=0.13",
        "liquidity_crisis=0.12",
        "risk_off=0.12"
      ]
    }
  ],
  "asset_ranking": [
    {
      "asset": "oil",
      "symbol": "WTI",
      "score": 0.9949,
      "reasons": [
        "event_asset_prior=0.95",
        "liquidity=0.82",
        "spread_bps=8.0",
        "momentum=0.71",
        "cross_asset=0.56",
        "memory_edge=0.95"
      ]
    },
    {
      "asset": "index",
      "symbol": "ES_PROXY",
      "score": 0.7620499999999999,
      "reasons": [
        "event_asset_prior=0.35",
        "liquidity=0.84",
        "spread_bps=6.0",
        "momentum=0.78",
        "cross_asset=0.64",
        "memory_edge=0.53"
      ]
    },
    {
      "asset": "fx",
      "symbol": "AUD/USD",
      "score": 0.75434,
      "reasons": [
        "event_asset_prior=0.45",
        "liquidity=0.82",
        "spread_bps=1.8",
        "momentum=0.59",
        "cross_asset=0.62",
        "memory_edge=0.50"
      ]
    },
    {
      "asset": "crypto",
      "symbol": "BTC",
      "score": 0.6633333129312196,
      "reasons": [
        "event_asset_prior=0.15",
        "liquidity=0.95",
        "spread_bps=0.7",
        "momentum=0.40",
        "cross_asset=0.48",
        "memory_edge=0.50"
      ]
    },
    {
      "asset": "rates",
      "symbol": "ZN",
      "score": 0.583,
      "reasons": [
        "event_asset_prior=0.25",
        "liquidity=0.78",
        "spread_bps=9.9",
        "momentum=0.45",
        "cross_asset=0.68",
        "memory_edge=0.50"
      ]
    }
  ],
  "portfolio_selection": {
    "preference_source": {
      "source": "/Users/tongyin/Desktop/InsightBridge_Financial_Models_Latest/reports/quantum_research/penalty_results.json",
      "available": true,
      "preferred_assets": [
        "fx",
        "oil",
        "index"
      ],
      "preferred_case_ids": [
        "fx_fomc_001",
        "oil_opec_001",
        "index_nfp_001"
      ],
      "preferred_share": 0.7708
    },
    "selected_assets": [
      "oil",
      "index"
    ],
    "selected_symbols": [
      "WTI",
      "ES_PROXY"
    ],
    "selected_count": 2,
    "overflow": []
  },
  "candidate_decisions": [
    {
      "asset": "oil",
      "symbol": "WTI",
      "rank_score": 0.9949,
      "decision": {
        "action": "enter_heavy",
        "grade": "high_conviction",
        "direction": "long",
        "raw_score": 0.8129333333333335,
        "calibrated_confidence": 0.9890130573694068,
        "execution_confidence": 0.9890130573694068,
        "wait_seconds": 300,
        "max_risk_fraction": 0.017,
        "reasons": [
          "regime=mixed",
          "severity=0.81",
          "grade=high_conviction",
          "posterior=0.99",
          "execution_confidence=0.99",
          "memory_edge=0.95",
          "cross_asset_alignment=0.70",
          "wait_seconds=300",
          "macro_direction:0.64x1.00",
          "news_semantics:0.66x0.85",
          "price_confirmation:0.66x1.10",
          "cross_asset_confirmation:0.70x1.15",
          "liquidity_quality:0.71x0.75",
          "event_memory_edge:0.95x0.65"
        ],
        "metadata": {
          "event_id": "opec_20260627060101",
          "event_type": "opec",
          "action_band": "heavy_candidate_requires_confirmation",
          "wait_reason": "event_type=opec; severity=0.81; volatility_z=0.80",
          "severity_tradeable": true,
          "macro_regime": "mixed",
          "macro_regime_probabilities": {
            "risk_on": 0.1235,
            "risk_off": 0.0878,
            "inflation_shock": 0.0926,
            "growth_shock": 0.052,
            "liquidity_crisis": 0.1301,
            "central_bank_pivot": 0.1531,
            "war_shock": 0.1443,
            "dollar_squeeze": 0.1078,
            "neutral": 0.1088
          },
          "macro_regime_explanation": [
            "central_bank_pivot=0.15",
            "war_shock=0.14",
            "liquidity_crisis=0.13",
            "risk_on=0.12"
          ]
        }
      }
    },
    {
      "asset": "index",
      "symbol": "ES_PROXY",
      "rank_score": 0.7620499999999999,
      "decision": {
        "action": "enter_heavy",
        "grade": "high_conviction",
        "direction": "long",
        "raw_score": 0.8409333333333335,
        "calibrated_confidence": 0.9890130573694068,
        "execution_confidence": 0.9890130573694068,
        "wait_seconds": 300,
        "max_risk_fraction": 0.017,
        "reasons": [
          "regime=war_shock",
          "severity=0.84",
          "grade=high_conviction",
          "posterior=0.99",
          "execution_confidence=0.99",
          "memory_edge=0.53",
          "cross_asset_alignment=0.71",
          "wait_seconds=300",
          "macro_direction:0.73x1.00",
          "news_semantics:0.55x0.85",
          "price_confirmation:0.68x1.10",
          "cross_asset_confirmation:0.71x1.15",
          "liquidity_quality:0.76x0.75",
          "event_memory_edge:0.53x0.65"
        ],
        "metadata": {
          "event_id": "opec_20260627060101",
          "event_type": "opec",
          "action_band": "heavy_candidate_requires_confirmation",
          "wait_reason": "event_type=opec; severity=0.84; volatility_z=1.40",
          "severity_tradeable": true,
          "macro_regime": "war_shock",
          "macro_regime_probabilities": {
            "risk_on": 0.0595,
            "risk_off": 0.1194,
            "inflation_shock": 0.1155,
            "growth_shock": 0.0953,
            "liquidity_crisis": 0.12,
            "central_bank_pivot": 0.1251,
            "war_shock": 0.1507,
            "dollar_squeeze": 0.1142,
            "neutral": 0.1003
          },
          "macro_regime_explanation": [
            "war_shock=0.15",
            "central_bank_pivot=0.13",
            "liquidity_crisis=0.12",
            "risk_off=0.12"
          ]
        }
      }
    },
    {
      "asset": "fx",
      "symbol": "AUD/USD",
      "rank_score": 0.75434,
      "decision": {
        "action": "watch",
        "grade": "high_conviction",
        "direction": "flat",
        "raw_score": 0.8316000000000001,
        "calibrated_confidence": 0.9890130573694068,
        "execution_confidence": 0.9890130573694068,
        "wait_seconds": 300,
        "max_risk_fraction": 0.0,
        "reasons": [
          "regime=war_shock",
          "severity=0.83",
          "grade=high_conviction",
          "posterior=0.99",
          "execution_confidence=0.99",
          "memory_edge=0.50",
          "cross_asset_alignment=0.73",
          "wait_seconds=300",
          "macro_direction:0.63x1.00",
          "news_semantics:0.58x0.85",
          "price_confirmation:0.58x1.10",
          "cross_asset_confirmation:0.73x1.15",
          "liquidity_quality:0.79x0.75",
          "event_memory_edge:0.50x0.65",
          "direction_or_confidence_not_confirmed"
        ],
        "metadata": {
          "event_id": "opec_20260627060101",
          "event_type": "opec",
          "action_band": "heavy_candidate_requires_confirmation",
          "wait_reason": "event_type=opec; severity=0.83; volatility_z=1.20",
          "severity_tradeable": true,
          "macro_regime": "war_shock",
          "macro_regime_probabilities": {
            "risk_on": 0.1194,
            "risk_off": 0.0834,
            "inflation_shock": 0.1211,
            "growth_shock": 0.0503,
            "liquidity_crisis": 0.1204,
            "central_bank_pivot": 0.148,
            "war_shock": 0.158,
            "dollar_squeeze": 0.0941,
            "neutral": 0.1052
          },
          "macro_regime_explanation": [
            "war_shock=0.16",
            "central_bank_pivot=0.15",
            "inflation_shock=0.12",
            "liquidity_crisis=0.12"
          ]
        }
      }
    },
    {
      "asset": "crypto",
      "symbol": "BTC",
      "rank_score": 0.6633333129312196,
      "decision": {
        "action": "watch",
        "grade": "high_conviction",
        "direction": "flat",
        "raw_score": 0.7823779551915975,
        "calibrated_confidence": 0.9890130573694068,
        "execution_confidence": 0.9890130573694068,
        "wait_seconds": 300,
        "max_risk_fraction": 0.0,
        "reasons": [
          "regime=war_shock",
          "severity=0.78",
          "grade=high_conviction",
          "posterior=0.99",
          "execution_confidence=0.99",
          "memory_edge=0.50",
          "cross_asset_alignment=0.71",
          "wait_seconds=300",
          "macro_direction:0.54x1.00",
          "news_semantics:0.55x0.85",
          "price_confirmation:0.53x1.10",
          "cross_asset_confirmation:0.71x1.15",
          "liquidity_quality:0.94x0.75",
          "event_memory_edge:0.50x0.65",
          "direction_or_confidence_not_confirmed"
        ],
        "metadata": {
          "event_id": "opec_20260627060101",
          "event_type": "opec",
          "action_band": "heavy_candidate_requires_confirmation",
          "wait_reason": "event_type=opec; severity=0.78; volatility_z=0.15",
          "severity_tradeable": true,
          "macro_regime": "war_shock",
          "macro_regime_probabilities": {
            "risk_on": 0.1285,
            "risk_off": 0.0849,
            "inflation_shock": 0.1169,
            "growth_shock": 0.0485,
            "liquidity_crisis": 0.1215,
            "central_bank_pivot": 0.1429,
            "war_shock": 0.1544,
            "dollar_squeeze": 0.1006,
            "neutral": 0.1016
          },
          "macro_regime_explanation": [
            "war_shock=0.15",
            "central_bank_pivot=0.14",
            "risk_on=0.13",
            "liquidity_crisis=0.12"
          ]
        }
      }
    },
    {
      "asset": "rates",
      "symbol": "ZN",
      "rank_score": 0.583,
      "decision": {
        "action": "watch",
        "grade": "high_conviction",
        "direction": "flat",
        "raw_score": 0.8409333333333335,
        "calibrated_confidence": 0.9775974699614702,
        "execution_confidence": 0.9775974699614702,
        "wait_seconds": 300,
        "max_risk_fraction": 0.0,
        "reasons": [
          "regime=war_shock",
          "severity=0.84",
          "grade=high_conviction",
          "posterior=0.98",
          "execution_confidence=0.98",
          "memory_edge=0.50",
          "cross_asset_alignment=0.77",
          "wait_seconds=300",
          "macro_direction:0.56x1.00",
          "news_semantics:0.48x0.85",
          "price_confirmation:0.49x1.10",
          "cross_asset_confirmation:0.77x1.15",
          "liquidity_quality:0.67x0.75",
          "event_memory_edge:0.50x0.65",
          "direction_or_confidence_not_confirmed"
        ],
        "metadata": {
          "event_id": "opec_20260627060101",
          "event_type": "opec",
          "action_band": "heavy_candidate_requires_confirmation",
          "wait_reason": "event_type=opec; severity=0.84; volatility_z=1.40",
          "severity_tradeable": true,
          "macro_regime": "war_shock",
          "macro_regime_probabilities": {
            "risk_on": 0.1162,
            "risk_off": 0.0812,
            "inflation_shock": 0.1238,
            "growth_shock": 0.0543,
            "liquidity_crisis": 0.1225,
            "central_bank_pivot": 0.1379,
            "war_shock": 0.1538,
            "dollar_squeeze": 0.1078,
            "neutral": 0.1024
          },
          "macro_regime_explanation": [
            "war_shock=0.15",
            "central_bank_pivot=0.14",
            "inflation_shock=0.12",
            "liquidity_crisis=0.12"
          ]
        }
      }
    }
  ],
  "selected_decisions": [
    {
      "asset": "oil",
      "symbol": "WTI",
      "rank_score": 0.9949,
      "decision": {
        "action": "enter_heavy",
        "grade": "high_conviction",
        "direction": "long",
        "raw_score": 0.8129333333333335,
        "calibrated_confidence": 0.9890130573694068,
        "execution_confidence": 0.9890130573694068,
        "wait_seconds": 300,
        "max_risk_fraction": 0.017,
        "reasons": [
          "regime=mixed",
          "severity=0.81",
          "grade=high_conviction",
          "posterior=0.99",
          "execution_confidence=0.99",
          "memory_edge=0.95",
          "cross_asset_alignment=0.70",
          "wait_seconds=300",
          "macro_direction:0.64x1.00",
          "news_semantics:0.66x0.85",
          "price_confirmation:0.66x1.10",
          "cross_asset_confirmation:0.70x1.15",
          "liquidity_quality:0.71x0.75",
          "event_memory_edge:0.95x0.65"
        ],
        "metadata": {
          "event_id": "opec_20260627060101",
          "event_type": "opec",
          "action_band": "heavy_candidate_requires_confirmation",
          "wait_reason": "event_type=opec; severity=0.81; volatility_z=0.80",
          "severity_tradeable": true,
          "macro_regime": "mixed",
          "macro_regime_probabilities": {
            "risk_on": 0.1235,
            "risk_off": 0.0878,
            "inflation_shock": 0.0926,
            "growth_shock": 0.052,
            "liquidity_crisis": 0.1301,
            "central_bank_pivot": 0.1531,
            "war_shock": 0.1443,
            "dollar_squeeze": 0.1078,
            "neutral": 0.1088
          },
          "macro_regime_explanation": [
            "central_bank_pivot=0.15",
            "war_shock=0.14",
            "liquidity_crisis=0.13",
            "risk_on=0.12"
          ]
        }
      },
      "portfolio_score": 1.903345,
      "preferred_asset": true,
      "portfolio_eligible": true
    },
    {
      "asset": "index",
      "symbol": "ES_PROXY",
      "rank_score": 0.7620499999999999,
      "decision": {
        "action": "enter_heavy",
        "grade": "high_conviction",
        "direction": "long",
        "raw_score": 0.8409333333333335,
        "calibrated_confidence": 0.9890130573694068,
        "execution_confidence": 0.9890130573694068,
        "wait_seconds": 300,
        "max_risk_fraction": 0.017,
        "reasons": [
          "regime=war_shock",
          "severity=0.84",
          "grade=high_conviction",
          "posterior=0.99",
          "execution_confidence=0.99",
          "memory_edge=0.53",
          "cross_asset_alignment=0.71",
          "wait_seconds=300",
          "macro_direction:0.73x1.00",
          "news_semantics:0.55x0.85",
          "price_confirmation:0.68x1.10",
          "cross_asset_confirmation:0.71x1.15",
          "liquidity_quality:0.76x0.75",
          "event_memory_edge:0.53x0.65"
        ],
        "metadata": {
          "event_id": "opec_20260627060101",
          "event_type": "opec",
          "action_band": "heavy_candidate_requires_confirmation",
          "wait_reason": "event_type=opec; severity=0.84; volatility_z=1.40",
          "severity_tradeable": true,
          "macro_regime": "war_shock",
          "macro_regime_probabilities": {
            "risk_on": 0.0595,
            "risk_off": 0.1194,
            "inflation_shock": 0.1155,
            "growth_shock": 0.0953,
            "liquidity_crisis": 0.12,
            "central_bank_pivot": 0.1251,
            "war_shock": 0.1507,
            "dollar_squeeze": 0.1142,
            "neutral": 0.1003
          },
          "macro_regime_explanation": [
            "war_shock=0.15",
            "central_bank_pivot=0.13",
            "liquidity_crisis=0.12",
            "risk_off=0.12"
          ]
        }
      },
      "portfolio_score": 1.800802,
      "preferred_asset": true,
      "portfolio_eligible": true
    }
  ],
  "executions": [
    {
      "asset": "oil",
      "result": {
        "adapter": "oil_eventalpha_phase1",
        "timestamp": "2026-06-27T06:01:01.094411+00:00",
        "status": "accepted",
        "mode": "scan",
        "opportunity": {
          "id": "opp_aa2df03d",
          "symbol": "WTI",
          "direction": "long",
          "confidence": 68.8,
          "entry_price": 73.4,
          "stop_loss": 71.6,
          "take_profit_1": 75.8,
          "take_profit_2": 77.6,
          "size": 1,
          "reasoning": "做多WTI | 综合置信度 69% | 信号区: balanced_long | 门控: OPEN | 主要因子: inventory: +18.0, momentum: +12.0, usd: -4.0",
          "signal_components": {
            "inventory": 18.0,
            "usd": -4.0,
            "momentum": 12.0
          },
          "gate_status": "OPEN",
          "fragility_score": 22.0,
          "regime": "normal",
          "status": "pending",
          "created_at": "2026-06-27T06:01:01.094251+00:00",
          "expires_at": "2026-06-27T06:06:01.094253+00:00",
          "acted_at": "",
          "position_id": "",
          "exit_tiers": [
            {
              "tier": "WARNING",
              "mult": "-50%",
              "price": 72.5,
              "action": "预警通知"
            },
            {
              "tier": "PRE_REDUCE",
              "mult": "-70%",
              "price": 72.14,
              "action": "减仓50%"
            },
            {
              "tier": "MAIN_STOP",
              "mult": "-100%",
              "price": 71.6,
              "action": "全部平仓"
            },
            {
              "tier": "DISASTER",
              "mult": "-150%",
              "price": 70.7,
              "action": "灾难保护"
            }
          ]
        }
      }
    },
    {
      "asset": "index",
      "result": {
        "adapter": "index_eventalpha_phase2",
        "timestamp": "2026-06-27T06:01:01.095751+00:00",
        "status": "accepted",
        "position_id": "index_pos_5984aaf8ef",
        "execution_plan": {
          "position_id": "index_pos_5984aaf8ef",
          "symbol": "ES_PROXY",
          "side": "BUY",
          "confidence": 0.78,
          "status": "paper_open",
          "created_at": "2026-06-27T06:01:01.095749+00:00"
        }
      }
    }
  ],
  "exit_reviews": [
    {
      "asset": "oil",
      "symbol": "WTI",
      "brain_exit": {
        "action": "reduce",
        "urgency": 3,
        "reason": "profit_giveback: mfe=1.20R now=0.50R",
        "reduce_fraction": 0.25,
        "metadata": {
          "escape_score": 0.22,
          "escape_reasons": [
            "profit_giveback: mfe=1.20R now=0.50R"
          ]
        }
      },
      "adapter_exit": {
        "adapter": "oil_eventalpha_phase1",
        "timestamp": "2026-06-27T06:01:01.095543+00:00",
        "symbol": "WTI",
        "direction": "long",
        "entry_price": 73.4,
        "current_price": 73.6936,
        "price_pnl": 0.2936,
        "event_state": {
          "cooldown_active": false,
          "cooldown_reason": "",
          "cooldown_remaining_sec": 0,
          "halt_trading": false,
          "risk_modifier": 0.5,
          "upcoming_high_impact": 7,
          "total_events": 10
        },
        "position_action": "hold"
      }
    },
    {
      "asset": "index",
      "symbol": "ES_PROXY",
      "brain_exit": {
        "action": "reduce",
        "urgency": 3,
        "reason": "profit_giveback: mfe=1.20R now=0.50R",
        "reduce_fraction": 0.25,
        "metadata": {
          "escape_score": 0.22,
          "escape_reasons": [
            "profit_giveback: mfe=1.20R now=0.50R"
          ]
        }
      },
      "adapter_exit": {
        "adapter": "index_eventalpha_phase2",
        "timestamp": "2026-06-27T06:01:01.096556+00:00",
        "position_action": "hold",
        "pnl_points": 14.0
      }
    }
  ],
  "telegram_summary": {
    "requested": true,
    "configured": true,
    "entry_candidates": 2,
    "sent_count": 0,
    "results": [
      {
        "sent": false,
        "reason": "error:<urlopen error [Errno 8] nodename nor servname provided, or not known>"
      }
    ]
  },
  "telegram_notifications": [
    {
      "sent": false,
      "reason": "error:<urlopen error [Errno 8] nodename nor servname provided, or not known>"
    }
  ]
}

Telegram status: requested=True configured=True entry_candidates=2 sent_count=0

Saved: /Users/tongyin/Desktop/InsightBridge_Financial_Models_Latest/reports/eventalpha_runs/eventalpha_paper_opec_20260627T060101Z.json
{
  "generated_at": "2026-06-27T06:01:01.206392+00:00",
  "scenario_count": 15,
  "coverage": {
    "cpi:fx": 1,
    "cpi:rates": 1,
    "cpi:index": 1,
    "fomc:fx": 1,
    "fomc:rates": 1,
    "fomc:crypto": 1,
    "nfp:fx": 1,
    "nfp:index": 1,
    "opec:oil": 1,
    "opec:index": 1,
    "eia_inventory:oil": 1,
    "eia_inventory:rates": 1,
    "geopolitical:oil": 1,
    "geopolitical:crypto": 1,
    "liquidity_shock:rates": 1
  },
  "learning_updates": [
    {
      "event_type": "cpi",
      "asset": "fx",
      "symbol": "AUD/USD",
      "memory_edge_delta": 0.03,
      "wait_seconds_delta": 15,
      "risk_multiplier_delta": 0.02,
      "lessons": [
        "event_asset_pair_has_positive_edge",
        "confidence_decay_was_predictive_of_exit"
      ]
    },
    {
      "event_type": "cpi",
      "asset": "rates",
      "symbol": "ZN",
      "memory_edge_delta": 0.03,
      "wait_seconds_delta": 11,
      "risk_multiplier_delta": 0.02,
      "lessons": [
        "event_asset_pair_has_positive_edge",
        "confidence_decay_was_predictive_of_exit"
      ]
    },
    {
      "event_type": "cpi",
      "asset": "index",
      "symbol": "ES_PROXY",
      "memory_edge_delta": -0.05,
      "wait_seconds_delta": 60,
      "risk_multiplier_delta": -0.04,
      "lessons": [
        "reduce_future_risk_for_similar_event",
        "false_breakout_detected_increase_minimum_wait",
        "confidence_decay_was_predictive_of_exit"
      ]
    },
    {
      "event_type": "fomc",
      "asset": "fx",
      "symbol": "AUD/USD",
      "memory_edge_delta": 0.0,
      "wait_seconds_delta": 15,
      "risk_multiplier_delta": 0.0,
      "lessons": [
        "confidence_decay_was_predictive_of_exit"
      ]
    },
    {
      "event_type": "fomc",
      "asset": "rates",
      "symbol": "ZN",
      "memory_edge_delta": 0.03,
      "wait_seconds_delta": 7,
      "risk_multiplier_delta": 0.02,
      "lessons": [
        "event_asset_pair_has_positive_edge"
      ]
    },
    {
      "event_type": "fomc",
      "asset": "crypto",
      "symbol": "BTC",
      "memory_edge_delta": 0.0,
      "wait_seconds_delta": 60,
      "risk_multiplier_delta": 0.0,
      "lessons": [
        "false_breakout_detected_increase_minimum_wait",
        "confidence_decay_was_predictive_of_exit"
      ]
    },
    {
      "event_type": "nfp",
      "asset": "fx",
      "symbol": "AUD/USD",
      "memory_edge_delta": 0.0,
      "wait_seconds_delta": 8,
      "risk_multiplier_delta": 0.0,
      "lessons": []
    },
    {
      "event_type": "nfp",
      "asset": "index",
      "symbol": "ES_PROXY",
      "memory_edge_delta": 0.03,
      "wait_seconds_delta": 10,
      "risk_multiplier_delta": 0.02,
      "lessons": [
        "event_asset_pair_has_positive_edge",
        "confidence_decay_was_predictive_of_exit"
      ]
    },
    {
      "event_type": "opec",
      "asset": "oil",
      "symbol": "WTI",
      "memory_edge_delta": 0.03,
      "wait_seconds_delta": 5,
      "risk_multiplier_delta": 0.02,
      "lessons": [
        "event_asset_pair_has_positive_edge",
        "confidence_decay_was_predictive_of_exit"
      ]
    },
    {
      "event_type": "opec",
      "asset": "index",
      "symbol": "ES_PROXY",
      "memory_edge_delta": 0.0,
      "wait_seconds_delta": 15,
      "risk_multiplier_delta": 0.0,
      "lessons": [
        "confidence_decay_was_predictive_of_exit"
      ]
    },
    {
      "event_type": "eia_inventory",
      "asset": "oil",
      "symbol": "WTI",
      "memory_edge_delta": -0.05,
      "wait_seconds_delta": 60,
      "risk_multiplier_delta": -0.04,
      "lessons": [
        "reduce_future_risk_for_similar_event",
        "false_breakout_detected_increase_minimum_wait",
        "confidence_decay_was_predictive_of_exit"
      ]
    },
    {
      "event_type": "eia_inventory",
      "asset": "rates",
      "symbol": "ZN",
      "memory_edge_delta": 0.0,
      "wait_seconds_delta": 0,
      "risk_multiplier_delta": 0.0,
      "lessons": []
    },
    {
      "event_type": "geopolitical",
      "asset": "oil",
      "symbol": "WTI",
      "memory_edge_delta": 0.03,
      "wait_seconds_delta": 15,
      "risk_multiplier_delta": 0.02,
      "lessons": [
        "event_asset_pair_has_positive_edge"
      ]
    },
    {
      "event_type": "geopolitical",
      "asset": "crypto",
      "symbol": "BTC",
      "memory_edge_delta": 0.0,
      "wait_seconds_delta": 60,
      "risk_multiplier_delta": 0.0,
      "lessons": [
        "false_breakout_detected_increase_minimum_wait",
        "confidence_decay_was_predictive_of_exit"
      ]
    },
    {
      "event_type": "liquidity_shock",
      "asset": "rates",
      "symbol": "ZN",
      "memory_edge_delta": 0.03,
      "wait_seconds_delta": 7,
      "risk_multiplier_delta": 0.02,
      "lessons": [
        "event_asset_pair_has_positive_edge"
      ]
    }
  ]
}

Saved: /Users/tongyin/Desktop/InsightBridge_Financial_Models_Latest/reports/eventalpha_replays/eventalpha_historical_replay_20260627T060101Z.json

Full stack verification: OK
